<?xml version="1.0" encoding="UTF-8"?>
<!-- Generated by org.testng.reporters.JUnitReportReporter -->
<testsuite skipped="0" hostname="farids-MBP" name="maven.AppTest" tests="1" failures="0" timestamp="2022-01-26T21:41:49 EST" time="4.339" errors="0">
  <testcase name="test" time="4.339" classname="maven.AppTest"/>
  <system-out/>
</testsuite> <!-- maven.AppTest -->
